<?xml version="1.0" encoding="UTF-8"?>
<testsuites>
  <testsuite name="" tests="92" assertions="157" errors="0" warnings="0" failures="0" skipped="0" time="107.152525">
    <testsuite name="Unit" tests="1" assertions="1" errors="0" warnings="0" failures="0" skipped="0" time="0.135142">
      <testsuite name="Tests\Unit\ExampleTest" file="/var/www/html/tests/Unit/ExampleTest.php" tests="1" assertions="1" errors="0" warnings="0" failures="0" skipped="0" time="0.135142">
        <testcase name="testBasicTest" class="Tests\Unit\ExampleTest" classname="Tests.Unit.ExampleTest" file="/var/www/html/tests/Unit/ExampleTest.php" line="14" assertions="1" time="0.135142"/>
      </testsuite>
    </testsuite>
    <testsuite name="Feature" tests="1" assertions="1" errors="0" warnings="0" failures="0" skipped="0" time="12.684174">
      <testsuite name="Tests\Feature\ExampleTest" file="/var/www/html/tests/Feature/ExampleTest.php" tests="1" assertions="1" errors="0" warnings="0" failures="0" skipped="0" time="12.684174">
        <testcase name="testBasicTest" class="Tests\Feature\ExampleTest" classname="Tests.Feature.ExampleTest" file="/var/www/html/tests/Feature/ExampleTest.php" line="15" assertions="1" time="12.684174"/>
      </testsuite>
    </testsuite>
    <testsuite name="Badaso LMS Module" tests="90" assertions="155" errors="0" warnings="0" failures="0" skipped="0" time="94.333209">
      <testsuite name="Uasoft\Badaso\Module\LMSModule\Tests\Feature\AnnouncementApiTest" file="/var/www/html/package/badaso/lms-module/tests/Feature/AnnouncementApiTest.php" tests="22" assertions="38" errors="0" warnings="0" failures="0" skipped="0" time="26.055628">
        <testcase name="testCreateAnnouncementWithoutLoginExpectResponse401" class="Uasoft\Badaso\Module\LMSModule\Tests\Feature\AnnouncementApiTest" classname="Uasoft.Badaso.Module.LMSModule.Tests.Feature.AnnouncementApiTest" file="/var/www/html/package/badaso/lms-module/tests/Feature/AnnouncementApiTest.php" line="14" assertions="1" time="1.064411"/>
        <testcase name="testCreateAnnouncementInAnUnerolledCourseExpectResponse400" class="Uasoft\Badaso\Module\LMSModule\Tests\Feature\AnnouncementApiTest" classname="Uasoft.Badaso.Module.LMSModule.Tests.Feature.AnnouncementApiTest" file="/var/www/html/package/badaso/lms-module/tests/Feature/AnnouncementApiTest.php" line="21" assertions="1" time="1.860457"/>
        <testcase name="testCreateAnnouncementInEnrolledCourseWithNoContentExpectResponse400" class="Uasoft\Badaso\Module\LMSModule\Tests\Feature\AnnouncementApiTest" classname="Uasoft.Badaso.Module.LMSModule.Tests.Feature.AnnouncementApiTest" file="/var/www/html/package/badaso/lms-module/tests/Feature/AnnouncementApiTest.php" line="35" assertions="1" time="1.463894"/>
        <testcase name="testCreateAnnouncementInEnrolledCourseWithValidDataExpectInsertedToDatabase" class="Uasoft\Badaso\Module\LMSModule\Tests\Feature\AnnouncementApiTest" classname="Uasoft.Badaso.Module.LMSModule.Tests.Feature.AnnouncementApiTest" file="/var/www/html/package/badaso/lms-module/tests/Feature/AnnouncementApiTest.php" line="52" assertions="2" time="1.208709"/>
        <testcase name="testCreateAnnouncementInEnrolledCourseWithValidDataExpectReturnCreatedAnnouncement" class="Uasoft\Badaso\Module\LMSModule\Tests\Feature\AnnouncementApiTest" classname="Uasoft.Badaso.Module.LMSModule.Tests.Feature.AnnouncementApiTest" file="/var/www/html/package/badaso/lms-module/tests/Feature/AnnouncementApiTest.php" line="78" assertions="5" time="1.162269"/>
        <testcase name="testBrowseAnnouncementWithoutLoginExpectResponse401" class="Uasoft\Badaso\Module\LMSModule\Tests\Feature\AnnouncementApiTest" classname="Uasoft.Badaso.Module.LMSModule.Tests.Feature.AnnouncementApiTest" file="/var/www/html/package/badaso/lms-module/tests/Feature/AnnouncementApiTest.php" line="102" assertions="1" time="0.965996"/>
        <testcase name="testBrowseAnnouncementWithoutCourseIdExpectResponse400" class="Uasoft\Badaso\Module\LMSModule\Tests\Feature\AnnouncementApiTest" classname="Uasoft.Badaso.Module.LMSModule.Tests.Feature.AnnouncementApiTest" file="/var/www/html/package/badaso/lms-module/tests/Feature/AnnouncementApiTest.php" line="109" assertions="1" time="1.088346"/>
        <testcase name="testBrowseAnnouncementGivenUnenrolledCourseIdExpectResponse400" class="Uasoft\Badaso\Module\LMSModule\Tests\Feature\AnnouncementApiTest" classname="Uasoft.Badaso.Module.LMSModule.Tests.Feature.AnnouncementApiTest" file="/var/www/html/package/badaso/lms-module/tests/Feature/AnnouncementApiTest.php" line="120" assertions="1" time="1.210555"/>
        <testcase name="testBrowseAnnouncementGivenEnrolledCourseIdExpectResponseCorrectAnnouncements" class="Uasoft\Badaso\Module\LMSModule\Tests\Feature\AnnouncementApiTest" classname="Uasoft.Badaso.Module.LMSModule.Tests.Feature.AnnouncementApiTest" file="/var/www/html/package/badaso/lms-module/tests/Feature/AnnouncementApiTest.php" line="133" assertions="4" time="1.456207"/>
        <testcase name="testEditAnnouncementWithoutLoginExpectResponse401" class="Uasoft\Badaso\Module\LMSModule\Tests\Feature\AnnouncementApiTest" classname="Uasoft.Badaso.Module.LMSModule.Tests.Feature.AnnouncementApiTest" file="/var/www/html/package/badaso/lms-module/tests/Feature/AnnouncementApiTest.php" line="161" assertions="1" time="0.924028"/>
        <testcase name="testEditAnnouncementGivenNoContentExpectResponse400" class="Uasoft\Badaso\Module\LMSModule\Tests\Feature\AnnouncementApiTest" classname="Uasoft.Badaso.Module.LMSModule.Tests.Feature.AnnouncementApiTest" file="/var/www/html/package/badaso/lms-module/tests/Feature/AnnouncementApiTest.php" line="168" assertions="1" time="1.000873"/>
        <testcase name="testEditAnnouncementGivenAnnouncementDoesNotExistExpectResponse400" class="Uasoft\Badaso\Module\LMSModule\Tests\Feature\AnnouncementApiTest" classname="Uasoft.Badaso.Module.LMSModule.Tests.Feature.AnnouncementApiTest" file="/var/www/html/package/badaso/lms-module/tests/Feature/AnnouncementApiTest.php" line="187" assertions="1" time="1.001438"/>
        <testcase name="testEditAnnouncementGivenUserIsNotCreatorExpectResponse400" class="Uasoft\Badaso\Module\LMSModule\Tests\Feature\AnnouncementApiTest" classname="Uasoft.Badaso.Module.LMSModule.Tests.Feature.AnnouncementApiTest" file="/var/www/html/package/badaso/lms-module/tests/Feature/AnnouncementApiTest.php" line="200" assertions="1" time="1.120006"/>
        <testcase name="testEditAnnouncementGivenCorrectUserHasUnenrolledTheCourseExpectResponse400" class="Uasoft\Badaso\Module\LMSModule\Tests\Feature\AnnouncementApiTest" classname="Uasoft.Badaso.Module.LMSModule.Tests.Feature.AnnouncementApiTest" file="/var/www/html/package/badaso/lms-module/tests/Feature/AnnouncementApiTest.php" line="215" assertions="1" time="1.298710"/>
        <testcase name="testEditAnnouncementGivenValidDataExpectUpdated" class="Uasoft\Badaso\Module\LMSModule\Tests\Feature\AnnouncementApiTest" classname="Uasoft.Badaso.Module.LMSModule.Tests.Feature.AnnouncementApiTest" file="/var/www/html/package/badaso/lms-module/tests/Feature/AnnouncementApiTest.php" line="232" assertions="1" time="1.000729"/>
        <testcase name="testEditAnnouncementGivenValidDataExpectReturnUpdatedAnnouncement" class="Uasoft\Badaso\Module\LMSModule\Tests\Feature\AnnouncementApiTest" classname="Uasoft.Badaso.Module.LMSModule.Tests.Feature.AnnouncementApiTest" file="/var/www/html/package/badaso/lms-module/tests/Feature/AnnouncementApiTest.php" line="257" assertions="3" time="1.174775"/>
        <testcase name="testDeleteAnnouncementWithoutLoginExpectResponse401" class="Uasoft\Badaso\Module\LMSModule\Tests\Feature\AnnouncementApiTest" classname="Uasoft.Badaso.Module.LMSModule.Tests.Feature.AnnouncementApiTest" file="/var/www/html/package/badaso/lms-module/tests/Feature/AnnouncementApiTest.php" line="285" assertions="1" time="0.983630"/>
        <testcase name="testDeleteAnnouncementGivenUnknownIdExpectResponse400" class="Uasoft\Badaso\Module\LMSModule\Tests\Feature\AnnouncementApiTest" classname="Uasoft.Badaso.Module.LMSModule.Tests.Feature.AnnouncementApiTest" file="/var/www/html/package/badaso/lms-module/tests/Feature/AnnouncementApiTest.php" line="292" assertions="1" time="1.011900"/>
        <testcase name="testDeleteAnnouncementGivenUnrelatedAuthorOrTeacherExpectResponse400" class="Uasoft\Badaso\Module\LMSModule\Tests\Feature\AnnouncementApiTest" classname="Uasoft.Badaso.Module.LMSModule.Tests.Feature.AnnouncementApiTest" file="/var/www/html/package/badaso/lms-module/tests/Feature/AnnouncementApiTest.php" line="303" assertions="1" time="1.436179"/>
        <testcase name="testDeleteAnnouncementGivenUnenrolledAuthorExpectResponse401" class="Uasoft\Badaso\Module\LMSModule\Tests\Feature\AnnouncementApiTest" classname="Uasoft.Badaso.Module.LMSModule.Tests.Feature.AnnouncementApiTest" file="/var/www/html/package/badaso/lms-module/tests/Feature/AnnouncementApiTest.php" line="316" assertions="1" time="1.197964"/>
        <testcase name="testDeleteAnnouncementGivenCorrectAuthorAndIdExpectResponseDeletedAnnouncement" class="Uasoft\Badaso\Module\LMSModule\Tests\Feature\AnnouncementApiTest" classname="Uasoft.Badaso.Module.LMSModule.Tests.Feature.AnnouncementApiTest" file="/var/www/html/package/badaso/lms-module/tests/Feature/AnnouncementApiTest.php" line="331" assertions="4" time="1.162387"/>
        <testcase name="testDeleteAnnouncementGivenCorrectTeacherAndIdExpectResponseDeletedAnnouncement" class="Uasoft\Badaso\Module\LMSModule\Tests\Feature\AnnouncementApiTest" classname="Uasoft.Badaso.Module.LMSModule.Tests.Feature.AnnouncementApiTest" file="/var/www/html/package/badaso/lms-module/tests/Feature/AnnouncementApiTest.php" line="360" assertions="4" time="1.262165"/>
      </testsuite>
      <testsuite name="Uasoft\Badaso\Module\LMSModule\Tests\Feature\CommentApiTest" file="/var/www/html/package/badaso/lms-module/tests/Feature/CommentApiTest.php" tests="19" assertions="30" errors="0" warnings="0" failures="0" skipped="0" time="20.098645">
        <testcase name="testCreateCommentWithoutLoginExpectResponse401" class="Uasoft\Badaso\Module\LMSModule\Tests\Feature\CommentApiTest" classname="Uasoft.Badaso.Module.LMSModule.Tests.Feature.CommentApiTest" file="/var/www/html/package/badaso/lms-module/tests/Feature/CommentApiTest.php" line="15" assertions="1" time="0.973105"/>
        <testcase name="testCreateCommentInNonExistingAnnouncementExpectResponse400" class="Uasoft\Badaso\Module\LMSModule\Tests\Feature\CommentApiTest" classname="Uasoft.Badaso.Module.LMSModule.Tests.Feature.CommentApiTest" file="/var/www/html/package/badaso/lms-module/tests/Feature/CommentApiTest.php" line="22" assertions="1" time="1.092572"/>
        <testcase name="testCreateCommentInExistingAnnouncementWithNoContentExpectResponse400" class="Uasoft\Badaso\Module\LMSModule\Tests\Feature\CommentApiTest" classname="Uasoft.Badaso.Module.LMSModule.Tests.Feature.CommentApiTest" file="/var/www/html/package/badaso/lms-module/tests/Feature/CommentApiTest.php" line="36" assertions="1" time="1.026956"/>
        <testcase name="testCreateCommentInExistingAnnouncementWithValidDataExpectInsertedToDatabase" class="Uasoft\Badaso\Module\LMSModule\Tests\Feature\CommentApiTest" classname="Uasoft.Badaso.Module.LMSModule.Tests.Feature.CommentApiTest" file="/var/www/html/package/badaso/lms-module/tests/Feature/CommentApiTest.php" line="49" assertions="2" time="1.013505"/>
        <testcase name="testCreateCommentInExistingAnnouncementWithValidDataExpectReturnCreatedComment" class="Uasoft\Badaso\Module\LMSModule\Tests\Feature\CommentApiTest" classname="Uasoft.Badaso.Module.LMSModule.Tests.Feature.CommentApiTest" file="/var/www/html/package/badaso/lms-module/tests/Feature/CommentApiTest.php" line="73" assertions="5" time="0.993638"/>
        <testcase name="testBrowseAnnouncementAlsoReturnCommentsOfEachAnnouncementCorrectly" class="Uasoft\Badaso\Module\LMSModule\Tests\Feature\CommentApiTest" classname="Uasoft.Badaso.Module.LMSModule.Tests.Feature.CommentApiTest" file="/var/www/html/package/badaso/lms-module/tests/Feature/CommentApiTest.php" line="95" assertions="3" time="1.053114"/>
        <testcase name="testEditCommentWithoutLoginExpectResponse401" class="Uasoft\Badaso\Module\LMSModule\Tests\Feature\CommentApiTest" classname="Uasoft.Badaso.Module.LMSModule.Tests.Feature.CommentApiTest" file="/var/www/html/package/badaso/lms-module/tests/Feature/CommentApiTest.php" line="147" assertions="1" time="0.826685"/>
        <testcase name="testEditCommentGivenCommentDoesNotExistExpectResponse400" class="Uasoft\Badaso\Module\LMSModule\Tests\Feature\CommentApiTest" classname="Uasoft.Badaso.Module.LMSModule.Tests.Feature.CommentApiTest" file="/var/www/html/package/badaso/lms-module/tests/Feature/CommentApiTest.php" line="155" assertions="1" time="0.982063"/>
        <testcase name="testEditCommentGivenNoContentExpectResponse400" class="Uasoft\Badaso\Module\LMSModule\Tests\Feature\CommentApiTest" classname="Uasoft.Badaso.Module.LMSModule.Tests.Feature.CommentApiTest" file="/var/www/html/package/badaso/lms-module/tests/Feature/CommentApiTest.php" line="168" assertions="1" time="1.164432"/>
        <testcase name="testEditCommentGivenUserIsNotCreatorExpectResponse400" class="Uasoft\Badaso\Module\LMSModule\Tests\Feature\CommentApiTest" classname="Uasoft.Badaso.Module.LMSModule.Tests.Feature.CommentApiTest" file="/var/www/html/package/badaso/lms-module/tests/Feature/CommentApiTest.php" line="184" assertions="1" time="1.203069"/>
        <testcase name="testEditCommentGivenValidDataExpectUpdated" class="Uasoft\Badaso\Module\LMSModule\Tests\Feature\CommentApiTest" classname="Uasoft.Badaso.Module.LMSModule.Tests.Feature.CommentApiTest" file="/var/www/html/package/badaso/lms-module/tests/Feature/CommentApiTest.php" line="199" assertions="1" time="1.082474"/>
        <testcase name="testEditCommentGivenValidDataExpectReturnUpdatedComment" class="Uasoft\Badaso\Module\LMSModule\Tests\Feature\CommentApiTest" classname="Uasoft.Badaso.Module.LMSModule.Tests.Feature.CommentApiTest" file="/var/www/html/package/badaso/lms-module/tests/Feature/CommentApiTest.php" line="228" assertions="3" time="1.221252"/>
        <testcase name="testDeleteCommentWithoutLoginExpectResponse401" class="Uasoft\Badaso\Module\LMSModule\Tests\Feature\CommentApiTest" classname="Uasoft.Badaso.Module.LMSModule.Tests.Feature.CommentApiTest" file="/var/www/html/package/badaso/lms-module/tests/Feature/CommentApiTest.php" line="260" assertions="1" time="1.000012"/>
        <testcase name="testDeleteCommentGivenCommentDoesNotExistExpectResponse400" class="Uasoft\Badaso\Module\LMSModule\Tests\Feature\CommentApiTest" classname="Uasoft.Badaso.Module.LMSModule.Tests.Feature.CommentApiTest" file="/var/www/html/package/badaso/lms-module/tests/Feature/CommentApiTest.php" line="267" assertions="1" time="1.295995"/>
        <testcase name="testDeleteCommentGivenUserIsNotCreatorExpectResponse400" class="Uasoft\Badaso\Module\LMSModule\Tests\Feature\CommentApiTest" classname="Uasoft.Badaso.Module.LMSModule.Tests.Feature.CommentApiTest" file="/var/www/html/package/badaso/lms-module/tests/Feature/CommentApiTest.php" line="277" assertions="1" time="1.059571"/>
        <testcase name="testDeleteCommentOfOtherPeopleGivenUserIsNotTeacherExpectResponse401" class="Uasoft\Badaso\Module\LMSModule\Tests\Feature\CommentApiTest" classname="Uasoft.Badaso.Module.LMSModule.Tests.Feature.CommentApiTest" file="/var/www/html/package/badaso/lms-module/tests/Feature/CommentApiTest.php" line="290" assertions="1" time="0.964727"/>
        <testcase name="testDeleteOwnCommentGivenValidDataExpectDeleted" class="Uasoft\Badaso\Module\LMSModule\Tests\Feature\CommentApiTest" classname="Uasoft.Badaso.Module.LMSModule.Tests.Feature.CommentApiTest" file="/var/www/html/package/badaso/lms-module/tests/Feature/CommentApiTest.php" line="319" assertions="2" time="1.043293"/>
        <testcase name="testDeleteCommentOfOtherPeopleGivenValidDataExpectDeleted" class="Uasoft\Badaso\Module\LMSModule\Tests\Feature\CommentApiTest" classname="Uasoft.Badaso.Module.LMSModule.Tests.Feature.CommentApiTest" file="/var/www/html/package/badaso/lms-module/tests/Feature/CommentApiTest.php" line="347" assertions="2" time="1.043751"/>
        <testcase name="testDeleteCommentGivenValidDataExpectResponse200" class="Uasoft\Badaso\Module\LMSModule\Tests\Feature\CommentApiTest" classname="Uasoft.Badaso.Module.LMSModule.Tests.Feature.CommentApiTest" file="/var/www/html/package/badaso/lms-module/tests/Feature/CommentApiTest.php" line="378" assertions="1" time="1.058431"/>
      </testsuite>
      <testsuite name="Uasoft\Badaso\Module\LMSModule\Tests\Feature\CourseApiTest" file="/var/www/html/package/badaso/lms-module/tests/Feature/CourseApiTest.php" tests="10" assertions="23" errors="0" warnings="0" failures="0" skipped="0" time="10.418405">
        <testcase name="testCreateCourseWithoutLoginExpectResponse401" class="Uasoft\Badaso\Module\LMSModule\Tests\Feature\CourseApiTest" classname="Uasoft.Badaso.Module.LMSModule.Tests.Feature.CourseApiTest" file="/var/www/html/package/badaso/lms-module/tests/Feature/CourseApiTest.php" line="14" assertions="1" time="0.872776"/>
        <testcase name="testCreateCourseAsLoggedInUserWithValidDataExpectResponse200" class="Uasoft\Badaso\Module\LMSModule\Tests\Feature\CourseApiTest" classname="Uasoft.Badaso.Module.LMSModule.Tests.Feature.CourseApiTest" file="/var/www/html/package/badaso/lms-module/tests/Feature/CourseApiTest.php" line="21" assertions="1" time="1.001722"/>
        <testcase name="testCreateCourseAsLoggedInUserWithValidDataExpectResponseCreatedCourseWithId" class="Uasoft\Badaso\Module\LMSModule\Tests\Feature\CourseApiTest" classname="Uasoft.Badaso.Module.LMSModule.Tests.Feature.CourseApiTest" file="/var/www/html/package/badaso/lms-module/tests/Feature/CourseApiTest.php" line="36" assertions="5" time="1.092130"/>
        <testcase name="testCreateCourseAsLoggedInUserWithValidDataExpectCourseCreated" class="Uasoft\Badaso\Module\LMSModule\Tests\Feature\CourseApiTest" classname="Uasoft.Badaso.Module.LMSModule.Tests.Feature.CourseApiTest" file="/var/www/html/package/badaso/lms-module/tests/Feature/CourseApiTest.php" line="56" assertions="5" time="0.930729"/>
        <testcase name="testCreateCourseAsLoggedInUsertWithValidDataExpectUserHasTheRoleTeacherForTheCreatedCourse" class="Uasoft\Badaso\Module\LMSModule\Tests\Feature\CourseApiTest" classname="Uasoft.Badaso.Module.LMSModule.Tests.Feature.CourseApiTest" file="/var/www/html/package/badaso/lms-module/tests/Feature/CourseApiTest.php" line="80" assertions="3" time="1.017631"/>
        <testcase name="testCreateCourseAsLoggedInUserWithoutEitherNameSubjectOrRoomExpectResponse400" class="Uasoft\Badaso\Module\LMSModule\Tests\Feature\CourseApiTest" classname="Uasoft.Badaso.Module.LMSModule.Tests.Feature.CourseApiTest" file="/var/www/html/package/badaso/lms-module/tests/Feature/CourseApiTest.php" line="98" assertions="3" time="1.369764"/>
        <testcase name="testCreateCourseAsLoggedInUserWithoutEitherNameSubjectOrRoomExpectNoCourseAndCourseUserCreated" class="Uasoft\Badaso\Module\LMSModule\Tests\Feature\CourseApiTest" classname="Uasoft.Badaso.Module.LMSModule.Tests.Feature.CourseApiTest" file="/var/www/html/package/badaso/lms-module/tests/Feature/CourseApiTest.php" line="122" assertions="2" time="1.407027"/>
        <testcase name="testCourseDetailWithoutLoginExpectResponseStatus401" class="Uasoft\Badaso\Module\LMSModule\Tests\Feature\CourseApiTest" classname="Uasoft.Badaso.Module.LMSModule.Tests.Feature.CourseApiTest" file="/var/www/html/package/badaso/lms-module/tests/Feature/CourseApiTest.php" line="145" assertions="1" time="0.832003"/>
        <testcase name="testCourseDetailAsAuthorizedUserWithUnknownIdExpectResponseStatus500" class="Uasoft\Badaso\Module\LMSModule\Tests\Feature\CourseApiTest" classname="Uasoft.Badaso.Module.LMSModule.Tests.Feature.CourseApiTest" file="/var/www/html/package/badaso/lms-module/tests/Feature/CourseApiTest.php" line="152" assertions="1" time="0.972976"/>
        <testcase name="testCourseDetailAsAuthorizedUserWithValidIdAsInputExpectResponseStatus200" class="Uasoft\Badaso\Module\LMSModule\Tests\Feature\CourseApiTest" classname="Uasoft.Badaso.Module.LMSModule.Tests.Feature.CourseApiTest" file="/var/www/html/package/badaso/lms-module/tests/Feature/CourseApiTest.php" line="163" assertions="1" time="0.921647"/>
      </testsuite>
      <testsuite name="Uasoft\Badaso\Module\LMSModule\Tests\Feature\LMSJoinClassTest" file="/var/www/html/package/badaso/lms-module/tests/Feature/LMSJoinClassTest.php" tests="5" assertions="6" errors="0" warnings="0" failures="0" skipped="0" time="4.653409">
        <testcase name="testJoinClassWithoutLoginExpectResponseStatus401" class="Uasoft\Badaso\Module\LMSModule\Tests\Feature\LMSJoinClassTest" classname="Uasoft.Badaso.Module.LMSModule.Tests.Feature.LMSJoinClassTest" file="/var/www/html/package/badaso/lms-module/tests/Feature/LMSJoinClassTest.php" line="13" assertions="1" time="0.794353"/>
        <testcase name="testJoinClassAsAuthorizedUserWithUnknownClassCodeExpectResponseStatus404" class="Uasoft\Badaso\Module\LMSModule\Tests\Feature\LMSJoinClassTest" classname="Uasoft.Badaso.Module.LMSModule.Tests.Feature.LMSJoinClassTest" file="/var/www/html/package/badaso/lms-module/tests/Feature/LMSJoinClassTest.php" line="20" assertions="1" time="1.025156"/>
        <testcase name="testJoinClassAsAuthorizedUserWithNoClassCodeAsInputExpectResponseStatus400" class="Uasoft\Badaso\Module\LMSModule\Tests\Feature\LMSJoinClassTest" classname="Uasoft.Badaso.Module.LMSModule.Tests.Feature.LMSJoinClassTest" file="/var/www/html/package/badaso/lms-module/tests/Feature/LMSJoinClassTest.php" line="33" assertions="1" time="0.944765"/>
        <testcase name="testJoinClassAsAuthorizedUserWithValidClassCodeExpectResponseStatus200" class="Uasoft\Badaso\Module\LMSModule\Tests\Feature\LMSJoinClassTest" classname="Uasoft.Badaso.Module.LMSModule.Tests.Feature.LMSJoinClassTest" file="/var/www/html/package/badaso/lms-module/tests/Feature/LMSJoinClassTest.php" line="44" assertions="1" time="0.937796"/>
        <testcase name="testJoinClassAsAuthorizeUserWithValidClassCodeShouldAddStudent" class="Uasoft\Badaso\Module\LMSModule\Tests\Feature\LMSJoinClassTest" classname="Uasoft.Badaso.Module.LMSModule.Tests.Feature.LMSJoinClassTest" file="/var/www/html/package/badaso/lms-module/tests/Feature/LMSJoinClassTest.php" line="62" assertions="2" time="0.951339"/>
      </testsuite>
      <testsuite name="Uasoft\Badaso\Module\LMSModule\Tests\Feature\LoginApiTest" file="/var/www/html/package/badaso/lms-module/tests/Feature/LoginApiTest.php" tests="4" assertions="9" errors="0" warnings="0" failures="0" skipped="0" time="3.506583">
        <testcase name="testLoginRouteExist" class="Uasoft\Badaso\Module\LMSModule\Tests\Feature\LoginApiTest" classname="Uasoft.Badaso.Module.LMSModule.Tests.Feature.LoginApiTest" file="/var/www/html/package/badaso/lms-module/tests/Feature/LoginApiTest.php" line="10" assertions="1" time="0.854308"/>
        <testcase name="testLoginWithFailedValidation" class="Uasoft\Badaso\Module\LMSModule\Tests\Feature\LoginApiTest" classname="Uasoft.Badaso.Module.LMSModule.Tests.Feature.LoginApiTest" file="/var/www/html/package/badaso/lms-module/tests/Feature/LoginApiTest.php" line="17" assertions="1" time="0.912214"/>
        <testcase name="testLoginWithWrongCredential" class="Uasoft\Badaso\Module\LMSModule\Tests\Feature\LoginApiTest" classname="Uasoft.Badaso.Module.LMSModule.Tests.Feature.LoginApiTest" file="/var/www/html/package/badaso/lms-module/tests/Feature/LoginApiTest.php" line="27" assertions="3" time="0.841858"/>
        <testcase name="testLoginSuccesfully" class="Uasoft\Badaso\Module\LMSModule\Tests\Feature\LoginApiTest" classname="Uasoft.Badaso.Module.LMSModule.Tests.Feature.LoginApiTest" file="/var/www/html/package/badaso/lms-module/tests/Feature/LoginApiTest.php" line="44" assertions="4" time="0.898203"/>
      </testsuite>
      <testsuite name="Uasoft\Badaso\Module\LMSModule\Tests\Feature\PeopleInCourseApiTest" file="/var/www/html/package/badaso/lms-module/tests/Feature/PeopleInCourseApiTest.php" tests="2" assertions="2" errors="0" warnings="0" failures="0" skipped="0" time="1.819002">
        <testcase name="testPeopleInCourseWithoutLoginExpectResponse401" class="Uasoft\Badaso\Module\LMSModule\Tests\Feature\PeopleInCourseApiTest" classname="Uasoft.Badaso.Module.LMSModule.Tests.Feature.PeopleInCourseApiTest" file="/var/www/html/package/badaso/lms-module/tests/Feature/PeopleInCourseApiTest.php" line="11" assertions="1" time="0.842484"/>
        <testcase name="testPeopleInCourseAsLoggedInUserWithValidDataExpectResponse200" class="Uasoft\Badaso\Module\LMSModule\Tests\Feature\PeopleInCourseApiTest" classname="Uasoft.Badaso.Module.LMSModule.Tests.Feature.PeopleInCourseApiTest" file="/var/www/html/package/badaso/lms-module/tests/Feature/PeopleInCourseApiTest.php" line="18" assertions="1" time="0.976518"/>
      </testsuite>
      <testsuite name="Uasoft\Badaso\Module\LMS\Tests\Feature\RegisterTest" file="/var/www/html/package/badaso/lms-module/tests/Feature/RegisterTest.php" tests="6" assertions="11" errors="0" warnings="0" failures="0" skipped="0" time="5.529173">
        <testcase name="testStartInit" class="Uasoft\Badaso\Module\LMS\Tests\Feature\RegisterTest" classname="Uasoft.Badaso.Module.LMS.Tests.Feature.RegisterTest" file="/var/www/html/package/badaso/lms-module/tests/Feature/RegisterTest.php" line="13" assertions="3" time="1.027449"/>
        <testcase name="testAddUserDatabase" class="Uasoft\Badaso\Module\LMS\Tests\Feature\RegisterTest" classname="Uasoft.Badaso.Module.LMS.Tests.Feature.RegisterTest" file="/var/www/html/package/badaso/lms-module/tests/Feature/RegisterTest.php" line="18" assertions="4" time="0.730587"/>
        <testcase name="testAddUser" class="Uasoft\Badaso\Module\LMS\Tests\Feature\RegisterTest" classname="Uasoft.Badaso.Module.LMS.Tests.Feature.RegisterTest" file="/var/www/html/package/badaso/lms-module/tests/Feature/RegisterTest.php" line="34" assertions="1" time="1.068713"/>
        <testcase name="testAddUserWithNotEnoughParameter" class="Uasoft\Badaso\Module\LMS\Tests\Feature\RegisterTest" classname="Uasoft.Badaso.Module.LMS.Tests.Feature.RegisterTest" file="/var/www/html/package/badaso/lms-module/tests/Feature/RegisterTest.php" line="50" assertions="1" time="0.851427"/>
        <testcase name="testAddUserWithExistingUsername" class="Uasoft\Badaso\Module\LMS\Tests\Feature\RegisterTest" classname="Uasoft.Badaso.Module.LMS.Tests.Feature.RegisterTest" file="/var/www/html/package/badaso/lms-module/tests/Feature/RegisterTest.php" line="65" assertions="1" time="0.938796"/>
        <testcase name="testAddUserWithExistingEmail" class="Uasoft\Badaso\Module\LMS\Tests\Feature\RegisterTest" classname="Uasoft.Badaso.Module.LMS.Tests.Feature.RegisterTest" file="/var/www/html/package/badaso/lms-module/tests/Feature/RegisterTest.php" line="87" assertions="1" time="0.912202"/>
      </testsuite>
      <testsuite name="Uasoft\Badaso\Module\LMS\Tests\Feature\TopicApiTest" file="/var/www/html/package/badaso/lms-module/tests/Feature/TopicApiTest.php" tests="20" assertions="34" errors="0" warnings="0" failures="0" skipped="0" time="20.243711">
        <testcase name="testCreateTopicWithoutLogin" class="Uasoft\Badaso\Module\LMS\Tests\Feature\TopicApiTest" classname="Uasoft.Badaso.Module.LMS.Tests.Feature.TopicApiTest" file="/var/www/html/package/badaso/lms-module/tests/Feature/TopicApiTest.php" line="14" assertions="1" time="0.849753"/>
        <testcase name="testCreateTopicInAnUnerolledCourse" class="Uasoft\Badaso\Module\LMS\Tests\Feature\TopicApiTest" classname="Uasoft.Badaso.Module.LMS.Tests.Feature.TopicApiTest" file="/var/www/html/package/badaso/lms-module/tests/Feature/TopicApiTest.php" line="21" assertions="1" time="0.957155"/>
        <testcase name="testCreateTopicInEnrolledCourseWithNoContent" class="Uasoft\Badaso\Module\LMS\Tests\Feature\TopicApiTest" classname="Uasoft.Badaso.Module.LMS.Tests.Feature.TopicApiTest" file="/var/www/html/package/badaso/lms-module/tests/Feature/TopicApiTest.php" line="35" assertions="1" time="0.964008"/>
        <testcase name="testCreateTopicInEnrolledCourseWithValidDataExpectInsertedToDatabase" class="Uasoft\Badaso\Module\LMS\Tests\Feature\TopicApiTest" classname="Uasoft.Badaso.Module.LMS.Tests.Feature.TopicApiTest" file="/var/www/html/package/badaso/lms-module/tests/Feature/TopicApiTest.php" line="52" assertions="2" time="0.970015"/>
        <testcase name="testCreateTopicInEnrolledCourseWithValidDataExpectReturnCreatedAnnouncement" class="Uasoft\Badaso\Module\LMS\Tests\Feature\TopicApiTest" classname="Uasoft.Badaso.Module.LMS.Tests.Feature.TopicApiTest" file="/var/www/html/package/badaso/lms-module/tests/Feature/TopicApiTest.php" line="78" assertions="5" time="0.951474"/>
        <testcase name="testBrowseTopicWithoutLogin" class="Uasoft\Badaso\Module\LMS\Tests\Feature\TopicApiTest" classname="Uasoft.Badaso.Module.LMS.Tests.Feature.TopicApiTest" file="/var/www/html/package/badaso/lms-module/tests/Feature/TopicApiTest.php" line="102" assertions="1" time="0.856770"/>
        <testcase name="testBrowseTopicWithoutCourseId" class="Uasoft\Badaso\Module\LMS\Tests\Feature\TopicApiTest" classname="Uasoft.Badaso.Module.LMS.Tests.Feature.TopicApiTest" file="/var/www/html/package/badaso/lms-module/tests/Feature/TopicApiTest.php" line="109" assertions="1" time="1.052634"/>
        <testcase name="testBrowseTopicGivenUnenrolledCourseId" class="Uasoft\Badaso\Module\LMS\Tests\Feature\TopicApiTest" classname="Uasoft.Badaso.Module.LMS.Tests.Feature.TopicApiTest" file="/var/www/html/package/badaso/lms-module/tests/Feature/TopicApiTest.php" line="120" assertions="1" time="0.963091"/>
        <testcase name="testBrowseTopicGivenEnrolledCourseIdExpectResponseCorrectTopic" class="Uasoft\Badaso\Module\LMS\Tests\Feature\TopicApiTest" classname="Uasoft.Badaso.Module.LMS.Tests.Feature.TopicApiTest" file="/var/www/html/package/badaso/lms-module/tests/Feature/TopicApiTest.php" line="133" assertions="4" time="1.051968"/>
        <testcase name="testEditTopicWithoutLogin" class="Uasoft\Badaso\Module\LMS\Tests\Feature\TopicApiTest" classname="Uasoft.Badaso.Module.LMS.Tests.Feature.TopicApiTest" file="/var/www/html/package/badaso/lms-module/tests/Feature/TopicApiTest.php" line="159" assertions="1" time="0.879908"/>
        <testcase name="testEditTopicGivenNoContent" class="Uasoft\Badaso\Module\LMS\Tests\Feature\TopicApiTest" classname="Uasoft.Badaso.Module.LMS.Tests.Feature.TopicApiTest" file="/var/www/html/package/badaso/lms-module/tests/Feature/TopicApiTest.php" line="166" assertions="1" time="1.030239"/>
        <testcase name="testEditTopicGivenTopicDoesNotExist" class="Uasoft\Badaso\Module\LMS\Tests\Feature\TopicApiTest" classname="Uasoft.Badaso.Module.LMS.Tests.Feature.TopicApiTest" file="/var/www/html/package/badaso/lms-module/tests/Feature/TopicApiTest.php" line="185" assertions="1" time="1.001058"/>
        <testcase name="testEditTopicGivenUserIsNotCreator" class="Uasoft\Badaso\Module\LMS\Tests\Feature\TopicApiTest" classname="Uasoft.Badaso.Module.LMS.Tests.Feature.TopicApiTest" file="/var/www/html/package/badaso/lms-module/tests/Feature/TopicApiTest.php" line="198" assertions="1" time="0.976466"/>
        <testcase name="testEditTopicGivenCorrectUserHasUnenrolledTheCourse" class="Uasoft\Badaso\Module\LMS\Tests\Feature\TopicApiTest" classname="Uasoft.Badaso.Module.LMS.Tests.Feature.TopicApiTest" file="/var/www/html/package/badaso/lms-module/tests/Feature/TopicApiTest.php" line="213" assertions="1" time="1.437964"/>
        <testcase name="testEditTopicGivenValidDataExpectUpdated" class="Uasoft\Badaso\Module\LMS\Tests\Feature\TopicApiTest" classname="Uasoft.Badaso.Module.LMS.Tests.Feature.TopicApiTest" file="/var/www/html/package/badaso/lms-module/tests/Feature/TopicApiTest.php" line="230" assertions="4" time="1.080953"/>
        <testcase name="testDeleteTopicWithoutLogin" class="Uasoft\Badaso\Module\LMS\Tests\Feature\TopicApiTest" classname="Uasoft.Badaso.Module.LMS.Tests.Feature.TopicApiTest" file="/var/www/html/package/badaso/lms-module/tests/Feature/TopicApiTest.php" line="260" assertions="1" time="0.896585"/>
        <testcase name="testDeleteTopicGivenTopicDoesNotExist" class="Uasoft\Badaso\Module\LMS\Tests\Feature\TopicApiTest" classname="Uasoft.Badaso.Module.LMS.Tests.Feature.TopicApiTest" file="/var/www/html/package/badaso/lms-module/tests/Feature/TopicApiTest.php" line="267" assertions="1" time="1.218895"/>
        <testcase name="testDeleteTopicGivenUserIsNotCreator" class="Uasoft\Badaso\Module\LMS\Tests\Feature\TopicApiTest" classname="Uasoft.Badaso.Module.LMS.Tests.Feature.TopicApiTest" file="/var/www/html/package/badaso/lms-module/tests/Feature/TopicApiTest.php" line="278" assertions="1" time="0.953379"/>
        <testcase name="testDeleteTopicGivenCorrectUserHasUnenrolledTheCourse" class="Uasoft\Badaso\Module\LMS\Tests\Feature\TopicApiTest" classname="Uasoft.Badaso.Module.LMS.Tests.Feature.TopicApiTest" file="/var/www/html/package/badaso/lms-module/tests/Feature/TopicApiTest.php" line="291" assertions="1" time="1.013057"/>
        <testcase name="testDeleteTopicGivenValidDataExpectRemoved" class="Uasoft\Badaso\Module\LMS\Tests\Feature\TopicApiTest" classname="Uasoft.Badaso.Module.LMS.Tests.Feature.TopicApiTest" file="/var/www/html/package/badaso/lms-module/tests/Feature/TopicApiTest.php" line="306" assertions="4" time="1.138337"/>
      </testsuite>
      <testsuite name="Uasoft\Badaso\Module\LMSModule\Tests\Feature\ViewApiTest" file="/var/www/html/package/badaso/lms-module/tests/Feature/ViewApiTest.php" tests="2" assertions="2" errors="0" warnings="0" failures="0" skipped="0" time="2.008653">
        <testcase name="testViewCourseWithoutLoginExpectResponse401" class="Uasoft\Badaso\Module\LMSModule\Tests\Feature\ViewApiTest" classname="Uasoft.Badaso.Module.LMSModule.Tests.Feature.ViewApiTest" file="/var/www/html/package/badaso/lms-module/tests/Feature/ViewApiTest.php" line="11" assertions="1" time="0.962332"/>
        <testcase name="testViewCourseAsLoggedInUserWithValidDataExpectResponse200" class="Uasoft\Badaso\Module\LMSModule\Tests\Feature\ViewApiTest" classname="Uasoft.Badaso.Module.LMSModule.Tests.Feature.ViewApiTest" file="/var/www/html/package/badaso/lms-module/tests/Feature/ViewApiTest.php" line="18" assertions="1" time="1.046321"/>
      </testsuite>
    </testsuite>
  </testsuite>
</testsuites>
